<?xml version="1.0" encoding="UTF-8"?>
<testng-results skipped="0" failed="0" ignored="0" total="3" passed="3">
  <reporter-output>
  </reporter-output>
  <suite name="Suite" duration-ms="29766" started-at="2017-04-26T18:05:32Z" finished-at="2017-04-26T18:06:01Z">
    <groups>
    </groups>
    <test name="Test2" duration-ms="11455" started-at="2017-04-26T18:05:32Z" finished-at="2017-04-26T18:05:43Z">
      <class name="Grid.Grid">
        <test-method status="PASS" signature="beforeSuite()[pri:0, instance:Grid.Grid@5e3a8624]" name="beforeSuite" is-config="true" duration-ms="21" started-at="2017-04-26T21:05:32Z" finished-at="2017-04-26T21:05:32Z">
          <reporter-output>
          </reporter-output>
        </test-method> <!-- beforeSuite -->
        <test-method status="PASS" signature="beforeTest()[pri:0, instance:Grid.Grid@5e3a8624]" name="beforeTest" is-config="true" duration-ms="0" started-at="2017-04-26T21:05:32Z" finished-at="2017-04-26T21:05:32Z">
          <reporter-output>
          </reporter-output>
        </test-method> <!-- beforeTest -->
        <test-method status="PASS" signature="beforeClass()[pri:0, instance:Grid.Grid@5e3a8624]" name="beforeClass" is-config="true" duration-ms="0" started-at="2017-04-26T21:05:32Z" finished-at="2017-04-26T21:05:32Z">
          <reporter-output>
          </reporter-output>
        </test-method> <!-- beforeClass -->
        <test-method status="PASS" signature="beforeMethod(java.lang.String)[pri:0, instance:Grid.Grid@5e3a8624]" name="beforeMethod" is-config="true" duration-ms="5201" started-at="2017-04-26T21:05:32Z" finished-at="2017-04-26T21:05:37Z">
          <params>
            <param index="0">
              <value>
                <![CDATA[IE]]>
              </value>
            </param>
          </params>
          <reporter-output>
          </reporter-output>
        </test-method> <!-- beforeMethod -->
        <test-method status="PASS" signature="f()[pri:0, instance:Grid.Grid@5e3a8624]" name="f" duration-ms="453" started-at="2017-04-26T21:05:37Z" finished-at="2017-04-26T21:05:37Z">
          <reporter-output>
          </reporter-output>
        </test-method> <!-- f -->
        <test-method status="PASS" signature="afterMethod()[pri:0, instance:Grid.Grid@5e3a8624]" name="afterMethod" is-config="true" duration-ms="5764" started-at="2017-04-26T21:05:37Z" finished-at="2017-04-26T21:05:43Z">
          <reporter-output>
          </reporter-output>
        </test-method> <!-- afterMethod -->
        <test-method status="PASS" signature="afterClass()[pri:0, instance:Grid.Grid@5e3a8624]" name="afterClass" is-config="true" duration-ms="0" started-at="2017-04-26T21:05:43Z" finished-at="2017-04-26T21:05:43Z">
          <reporter-output>
          </reporter-output>
        </test-method> <!-- afterClass -->
        <test-method status="PASS" signature="afterTest()[pri:0, instance:Grid.Grid@5e3a8624]" name="afterTest" is-config="true" duration-ms="0" started-at="2017-04-26T21:05:43Z" finished-at="2017-04-26T21:05:43Z">
          <reporter-output>
          </reporter-output>
        </test-method> <!-- afterTest -->
        <test-method status="PASS" signature="afterSuite()[pri:0, instance:Grid.Grid@5e3a8624]" name="afterSuite" is-config="true" duration-ms="0" started-at="2017-04-26T21:06:02Z" finished-at="2017-04-26T21:06:02Z">
          <reporter-output>
          </reporter-output>
        </test-method> <!-- afterSuite -->
      </class> <!-- Grid.Grid -->
    </test> <!-- Test2 -->
    <test name="Test1" duration-ms="24315" started-at="2017-04-26T18:05:32Z" finished-at="2017-04-26T18:05:56Z">
      <class name="Grid.Grid">
        <test-method status="PASS" signature="beforeTest()[pri:0, instance:Grid.Grid@3e6fa38a]" name="beforeTest" is-config="true" duration-ms="0" started-at="2017-04-26T21:05:32Z" finished-at="2017-04-26T21:05:32Z">
          <reporter-output>
          </reporter-output>
        </test-method> <!-- beforeTest -->
        <test-method status="PASS" signature="beforeClass()[pri:0, instance:Grid.Grid@3e6fa38a]" name="beforeClass" is-config="true" duration-ms="0" started-at="2017-04-26T21:05:32Z" finished-at="2017-04-26T21:05:32Z">
          <reporter-output>
          </reporter-output>
        </test-method> <!-- beforeClass -->
        <test-method status="PASS" signature="beforeMethod(java.lang.String)[pri:0, instance:Grid.Grid@3e6fa38a]" name="beforeMethod" is-config="true" duration-ms="5201" started-at="2017-04-26T21:05:32Z" finished-at="2017-04-26T21:05:37Z">
          <params>
            <param index="0">
              <value>
                <![CDATA[Chrome]]>
              </value>
            </param>
          </params>
          <reporter-output>
          </reporter-output>
        </test-method> <!-- beforeMethod -->
        <test-method status="PASS" signature="f()[pri:0, instance:Grid.Grid@3e6fa38a]" name="f" duration-ms="13327" started-at="2017-04-26T21:05:37Z" finished-at="2017-04-26T21:05:50Z">
          <reporter-output>
          </reporter-output>
        </test-method> <!-- f -->
        <test-method status="PASS" signature="afterMethod()[pri:0, instance:Grid.Grid@3e6fa38a]" name="afterMethod" is-config="true" duration-ms="5756" started-at="2017-04-26T21:05:50Z" finished-at="2017-04-26T21:05:56Z">
          <reporter-output>
          </reporter-output>
        </test-method> <!-- afterMethod -->
        <test-method status="PASS" signature="afterClass()[pri:0, instance:Grid.Grid@3e6fa38a]" name="afterClass" is-config="true" duration-ms="0" started-at="2017-04-26T21:05:56Z" finished-at="2017-04-26T21:05:56Z">
          <reporter-output>
          </reporter-output>
        </test-method> <!-- afterClass -->
        <test-method status="PASS" signature="afterTest()[pri:0, instance:Grid.Grid@3e6fa38a]" name="afterTest" is-config="true" duration-ms="0" started-at="2017-04-26T21:05:56Z" finished-at="2017-04-26T21:05:56Z">
          <reporter-output>
          </reporter-output>
        </test-method> <!-- afterTest -->
      </class> <!-- Grid.Grid -->
    </test> <!-- Test1 -->
    <test name="Test" duration-ms="29766" started-at="2017-04-26T18:05:32Z" finished-at="2017-04-26T18:06:01Z">
      <class name="Grid.Grid">
        <test-method status="PASS" signature="beforeTest()[pri:0, instance:Grid.Grid@29ee9faa]" name="beforeTest" is-config="true" duration-ms="0" started-at="2017-04-26T21:05:32Z" finished-at="2017-04-26T21:05:32Z">
          <reporter-output>
          </reporter-output>
        </test-method> <!-- beforeTest -->
        <test-method status="PASS" signature="beforeClass()[pri:0, instance:Grid.Grid@29ee9faa]" name="beforeClass" is-config="true" duration-ms="0" started-at="2017-04-26T21:05:32Z" finished-at="2017-04-26T21:05:32Z">
          <reporter-output>
          </reporter-output>
        </test-method> <!-- beforeClass -->
        <test-method status="PASS" signature="beforeMethod(java.lang.String)[pri:0, instance:Grid.Grid@29ee9faa]" name="beforeMethod" is-config="true" duration-ms="13548" started-at="2017-04-26T21:05:32Z" finished-at="2017-04-26T21:05:45Z">
          <params>
            <param index="0">
              <value>
                <![CDATA[IE]]>
              </value>
            </param>
          </params>
          <reporter-output>
          </reporter-output>
        </test-method> <!-- beforeMethod -->
        <test-method status="PASS" signature="f()[pri:0, instance:Grid.Grid@29ee9faa]" name="f" duration-ms="10500" started-at="2017-04-26T21:05:45Z" finished-at="2017-04-26T21:05:56Z">
          <reporter-output>
          </reporter-output>
        </test-method> <!-- f -->
        <test-method status="PASS" signature="afterMethod()[pri:0, instance:Grid.Grid@29ee9faa]" name="afterMethod" is-config="true" duration-ms="5687" started-at="2017-04-26T21:05:56Z" finished-at="2017-04-26T21:06:01Z">
          <reporter-output>
          </reporter-output>
        </test-method> <!-- afterMethod -->
        <test-method status="PASS" signature="afterTest()[pri:0, instance:Grid.Grid@29ee9faa]" name="afterTest" is-config="true" duration-ms="0" started-at="2017-04-26T21:06:01Z" finished-at="2017-04-26T21:06:01Z">
          <reporter-output>
          </reporter-output>
        </test-method> <!-- afterTest -->
        <test-method status="PASS" signature="afterClass()[pri:0, instance:Grid.Grid@29ee9faa]" name="afterClass" is-config="true" duration-ms="0" started-at="2017-04-26T21:06:01Z" finished-at="2017-04-26T21:06:01Z">
          <reporter-output>
          </reporter-output>
        </test-method> <!-- afterClass -->
      </class> <!-- Grid.Grid -->
    </test> <!-- Test -->
  </suite> <!-- Suite -->
</testng-results>
